<?xml version="1.0" encoding="UTF-8"?>
<!-- Generated by org.testng.reporters.JUnitXMLReporter -->
<testsuite ignored="0" hostname="Sumits-MacBook-Pro.local" failures="2" tests="6" name="FolderTest" time="175.801" errors="0" timestamp="2023-09-22T09:16:25 IST">
  <testcase classname="com.sortly.automation.ui.test.SortlyFolderAndItemOperationTests" name="addAndDeleteFolderTestByAdmin" time="70.905"/>
  <testcase classname="com.sortly.automation.ui.test.SortlyFolderAndItemOperationTests" name="addAndDeleteFolderTestByOwner" time="73.16"/>
  <testcase classname="com.sortly.automation.ui.test.SortlyFolderAndItemOperationTests" name="addAndCloneFolderTestByOwner" time="105.544"/>
  <testcase classname="com.sortly.automation.ui.test.SortlyFolderAndItemOperationTests" name="addAndCloneFolderTestByAdmin" time="37.571"/>
  <testcase classname="com.sortly.automation.ui.test.SortlyFolderAndItemOperationTests" name="createFiveFolderAndMoveFolderByOwner" time="155.884">
    <failure type="org.openqa.selenium.ElementClickInterceptedException" message="Element &amp;lt;span class=&amp;quot;&amp;quot;&amp;gt; is not clickable at point (765,710) because another element &amp;lt;div class=&amp;quot;Spinner__LargeSpinnerWrapper-sc-19ibjy7-2 dnwgiY&amp;quot;&amp;gt; obscures it
Build info: version: &amp;apos;4.10.0&amp;apos;, revision: &amp;apos;c14d967899&amp;apos;
System info: os.name: &amp;apos;Mac OS X&amp;apos;, os.arch: &amp;apos;x86_64&amp;apos;, os.version: &amp;apos;12.0.1&amp;apos;, java.version: &amp;apos;17.0.5&amp;apos;
Driver info: org.openqa.selenium.firefox.FirefoxDriver
Command: [420009a2-e956-4192-abf2-4874f0da2b3f, clickElement {id=fbfabf3f-e64a-40eb-b04b-bb1216f682f1}]
Capabilities {acceptInsecureCerts: true, browserName: firefox, browserVersion: 117.0.1, moz:accessibilityChecks: false, moz:buildID: 20230912013654, moz:debuggerAddress: 127.0.0.1:29546, moz:geckodriverVersion: 0.33.0, moz:headless: false, moz:platformVersion: 21.1.0, moz:processID: 79851, moz:profile: /var/folders/_s/hws5qrm17qs..., moz:shutdownTimeout: 60000, moz:webdriverClick: true, moz:windowless: false, pageLoadStrategy: normal, platformName: mac, proxy: Proxy(), se:cdp: ws://127.0.0.1:29546/devtoo..., se:cdpVersion: 85.0, setWindowRect: true, strictFileInteractability: false, timeouts: {implicit: 0, pageLoad: 300000, script: 30000}, unhandledPromptBehavior: dismiss and notify}
Element: [[FirefoxDriver: firefox on mac (420009a2-e956-4192-abf2-4874f0da2b3f)] -&amp;gt; xpath: //span[contains(text(), &amp;apos;Test Folder 00267&amp;apos;)]]
Session ID: 420009a2-e956-4192-abf2-4874f0da2b3f">
      <![CDATA[org.openqa.selenium.ElementClickInterceptedException: Element <span class=""> is not clickable at point (765,710) because another element <div class="Spinner__LargeSpinnerWrapper-sc-19ibjy7-2 dnwgiY"> obscures it
Build info: version: '4.10.0', revision: 'c14d967899'
System info: os.name: 'Mac OS X', os.arch: 'x86_64', os.version: '12.0.1', java.version: '17.0.5'
Driver info: org.openqa.selenium.firefox.FirefoxDriver
Command: [420009a2-e956-4192-abf2-4874f0da2b3f, clickElement {id=fbfabf3f-e64a-40eb-b04b-bb1216f682f1}]
Capabilities {acceptInsecureCerts: true, browserName: firefox, browserVersion: 117.0.1, moz:accessibilityChecks: false, moz:buildID: 20230912013654, moz:debuggerAddress: 127.0.0.1:29546, moz:geckodriverVersion: 0.33.0, moz:headless: false, moz:platformVersion: 21.1.0, moz:processID: 79851, moz:profile: /var/folders/_s/hws5qrm17qs..., moz:shutdownTimeout: 60000, moz:webdriverClick: true, moz:windowless: false, pageLoadStrategy: normal, platformName: mac, proxy: Proxy(), se:cdp: ws://127.0.0.1:29546/devtoo..., se:cdpVersion: 85.0, setWindowRect: true, strictFileInteractability: false, timeouts: {implicit: 0, pageLoad: 300000, script: 30000}, unhandledPromptBehavior: dismiss and notify}
Element: [[FirefoxDriver: firefox on mac (420009a2-e956-4192-abf2-4874f0da2b3f)] -> xpath: //span[contains(text(), 'Test Folder 00267')]]
Session ID: 420009a2-e956-4192-abf2-4874f0da2b3f
at org.openqa.selenium.remote.codec.w3c.W3CHttpResponseCodec.createException(W3CHttpResponseCodec.java:199)
at org.openqa.selenium.remote.codec.w3c.W3CHttpResponseCodec.decode(W3CHttpResponseCodec.java:132)
at org.openqa.selenium.remote.codec.w3c.W3CHttpResponseCodec.decode(W3CHttpResponseCodec.java:51)
at org.openqa.selenium.remote.HttpCommandExecutor.execute(HttpCommandExecutor.java:191)
at org.openqa.selenium.remote.service.DriverCommandExecutor.invokeExecute(DriverCommandExecutor.java:196)
at org.openqa.selenium.remote.service.DriverCommandExecutor.execute(DriverCommandExecutor.java:171)
at org.openqa.selenium.remote.RemoteWebDriver.execute(RemoteWebDriver.java:531)
at org.openqa.selenium.remote.RemoteWebElement.execute(RemoteWebElement.java:242)
at org.openqa.selenium.remote.RemoteWebElement.click(RemoteWebElement.java:77)
at com.sortly.automation.ui.page.SortlyItemsPage.moveToFolder(SortlyItemsPage.java:249)
at com.sortly.automation.ui.test.SortlyFolderAndItemOperationTests.createFiveFolderAndMoveFolderByOwner(SortlyFolderAndItemOperationTests.java:132)
at java.base/java.util.concurrent.ThreadPoolExecutor.runWorker(ThreadPoolExecutor.java:1136)
at java.base/java.util.concurrent.ThreadPoolExecutor$Worker.run(ThreadPoolExecutor.java:635)
at java.base/java.lang.Thread.run(Thread.java:833)
... Removed 17 stack frames]]>
    </failure>
  </testcase> <!-- createFiveFolderAndMoveFolderByOwner -->
  <testcase classname="com.sortly.automation.ui.test.SortlyFolderAndItemOperationTests" name="createFiveFolderAndMoveFolderByAdmin" time="150.891">
    <failure type="org.openqa.selenium.ElementClickInterceptedException" message="Element &amp;lt;span class=&amp;quot;&amp;quot;&amp;gt; is not clickable at point (765,710) because another element &amp;lt;div class=&amp;quot;Spinner__LargeSpinnerWrapper-sc-19ibjy7-2 dnwgiY&amp;quot;&amp;gt; obscures it
Build info: version: &amp;apos;4.10.0&amp;apos;, revision: &amp;apos;c14d967899&amp;apos;
System info: os.name: &amp;apos;Mac OS X&amp;apos;, os.arch: &amp;apos;x86_64&amp;apos;, os.version: &amp;apos;12.0.1&amp;apos;, java.version: &amp;apos;17.0.5&amp;apos;
Driver info: org.openqa.selenium.firefox.FirefoxDriver
Command: [e6940c34-a568-42d2-b4c3-348ef31b814b, clickElement {id=a5554d2d-c461-410c-a720-d38ee6c93736}]
Capabilities {acceptInsecureCerts: true, browserName: firefox, browserVersion: 117.0.1, moz:accessibilityChecks: false, moz:buildID: 20230912013654, moz:debuggerAddress: 127.0.0.1:28240, moz:geckodriverVersion: 0.33.0, moz:headless: false, moz:platformVersion: 21.1.0, moz:processID: 79852, moz:profile: /var/folders/_s/hws5qrm17qs..., moz:shutdownTimeout: 60000, moz:webdriverClick: true, moz:windowless: false, pageLoadStrategy: normal, platformName: mac, proxy: Proxy(), se:cdp: ws://127.0.0.1:28240/devtoo..., se:cdpVersion: 85.0, setWindowRect: true, strictFileInteractability: false, timeouts: {implicit: 0, pageLoad: 300000, script: 30000}, unhandledPromptBehavior: dismiss and notify}
Element: [[FirefoxDriver: firefox on mac (e6940c34-a568-42d2-b4c3-348ef31b814b)] -&amp;gt; xpath: //span[contains(text(), &amp;apos;Test Folder 00276&amp;apos;)]]
Session ID: e6940c34-a568-42d2-b4c3-348ef31b814b">
      <![CDATA[org.openqa.selenium.ElementClickInterceptedException: Element <span class=""> is not clickable at point (765,710) because another element <div class="Spinner__LargeSpinnerWrapper-sc-19ibjy7-2 dnwgiY"> obscures it
Build info: version: '4.10.0', revision: 'c14d967899'
System info: os.name: 'Mac OS X', os.arch: 'x86_64', os.version: '12.0.1', java.version: '17.0.5'
Driver info: org.openqa.selenium.firefox.FirefoxDriver
Command: [e6940c34-a568-42d2-b4c3-348ef31b814b, clickElement {id=a5554d2d-c461-410c-a720-d38ee6c93736}]
Capabilities {acceptInsecureCerts: true, browserName: firefox, browserVersion: 117.0.1, moz:accessibilityChecks: false, moz:buildID: 20230912013654, moz:debuggerAddress: 127.0.0.1:28240, moz:geckodriverVersion: 0.33.0, moz:headless: false, moz:platformVersion: 21.1.0, moz:processID: 79852, moz:profile: /var/folders/_s/hws5qrm17qs..., moz:shutdownTimeout: 60000, moz:webdriverClick: true, moz:windowless: false, pageLoadStrategy: normal, platformName: mac, proxy: Proxy(), se:cdp: ws://127.0.0.1:28240/devtoo..., se:cdpVersion: 85.0, setWindowRect: true, strictFileInteractability: false, timeouts: {implicit: 0, pageLoad: 300000, script: 30000}, unhandledPromptBehavior: dismiss and notify}
Element: [[FirefoxDriver: firefox on mac (e6940c34-a568-42d2-b4c3-348ef31b814b)] -> xpath: //span[contains(text(), 'Test Folder 00276')]]
Session ID: e6940c34-a568-42d2-b4c3-348ef31b814b
at org.openqa.selenium.remote.codec.w3c.W3CHttpResponseCodec.createException(W3CHttpResponseCodec.java:199)
at org.openqa.selenium.remote.codec.w3c.W3CHttpResponseCodec.decode(W3CHttpResponseCodec.java:132)
at org.openqa.selenium.remote.codec.w3c.W3CHttpResponseCodec.decode(W3CHttpResponseCodec.java:51)
at org.openqa.selenium.remote.HttpCommandExecutor.execute(HttpCommandExecutor.java:191)
at org.openqa.selenium.remote.service.DriverCommandExecutor.invokeExecute(DriverCommandExecutor.java:196)
at org.openqa.selenium.remote.service.DriverCommandExecutor.execute(DriverCommandExecutor.java:171)
at org.openqa.selenium.remote.RemoteWebDriver.execute(RemoteWebDriver.java:531)
at org.openqa.selenium.remote.RemoteWebElement.execute(RemoteWebElement.java:242)
at org.openqa.selenium.remote.RemoteWebElement.click(RemoteWebElement.java:77)
at com.sortly.automation.ui.page.SortlyItemsPage.moveToFolder(SortlyItemsPage.java:249)
at com.sortly.automation.ui.test.SortlyFolderAndItemOperationTests.createFiveFolderAndMoveFolderByAdmin(SortlyFolderAndItemOperationTests.java:94)
at java.base/java.util.concurrent.ThreadPoolExecutor.runWorker(ThreadPoolExecutor.java:1136)
at java.base/java.util.concurrent.ThreadPoolExecutor$Worker.run(ThreadPoolExecutor.java:635)
at java.base/java.lang.Thread.run(Thread.java:833)
... Removed 17 stack frames]]>
    </failure>
  </testcase> <!-- createFiveFolderAndMoveFolderByAdmin -->
</testsuite> <!-- FolderTest -->
