<?xml version="1.0" encoding="UTF-8"?>
<!-- Generated by org.testng.reporters.JUnitXMLReporter -->
<testsuite ignored="0" hostname="Sumits-MacBook-Pro.local" failures="0" tests="8" name="sequential" time="408.983" errors="0" timestamp="2023-09-22T10:17:35 IST">
  <testcase classname="com.sortly.automation.ui.test.SortlyUserLoginTests" name="loginAsAdminWithValidCridentials" time="5.164"/>
  <testcase classname="com.sortly.automation.ui.test.SortlyUserLoginTests" name="loginAsOwnerWithValidCridentials" time="5.088"/>
  <testcase classname="com.sortly.automation.ui.test.SortlyFolderAndItemOperationTests" name="addAndDeleteFolderTestByOwner" time="56.48"/>
  <testcase classname="com.sortly.automation.ui.test.SortlyFolderAndItemOperationTests" name="addAndDeleteFolderTestByAdmin" time="56.868"/>
  <testcase classname="com.sortly.automation.ui.test.SortlyFolderAndItemOperationTests" name="createFiveFolderAndMoveFolderByAdmin" time="93.66"/>
  <testcase classname="com.sortly.automation.ui.test.SortlyFolderAndItemOperationTests" name="createFiveFolderAndMoveFolderByOwner" time="96.85"/>
  <testcase classname="com.sortly.automation.ui.test.SortlyFolderAndItemOperationTests" name="addAndCloneFolderTestByOwner" time="14.046"/>
  <testcase classname="com.sortly.automation.ui.test.SortlyFolderAndItemOperationTests" name="addAndCloneFolderTestByAdmin" time="12.987"/>
</testsuite> <!-- sequential -->
