<?xml version="1.0" encoding="UTF-8"?>
<!-- Generated by org.testng.reporters.JUnitXMLReporter -->
<testsuite ignored="0" hostname="Sumits-MacBook-Pro.local" failures="0" tests="2" name="UserLogin" time="19.749" errors="0" timestamp="2023-09-22T09:13:29 IST">
  <testcase classname="com.sortly.automation.ui.test.SortlyUserLoginTests" name="loginAsAdminWithValidCridentials" time="7.724"/>
  <testcase classname="com.sortly.automation.ui.test.SortlyUserLoginTests" name="loginAsOwnerWithValidCridentials" time="7.893"/>
</testsuite> <!-- UserLogin -->
